Copyright 1986-2022 Xilinx, Inc. All Rights Reserved.
-----------------------------------------------------------------------------------------------------------------------------
| Tool Version : Vivado v.2022.2 (win64) Build 3671981 Fri Oct 14 05:00:03 MDT 2022
| Date         : Fri Aug 16 13:23:16 2024
| Host         : DESKTOP-R2RDUAH running 64-bit major release  (build 9200)
| Command      : report_utilization -file design_1_wrapper_utilization_placed.rpt -pb design_1_wrapper_utilization_placed.pb
| Design       : design_1_wrapper
| Device       : xczu3eg-sbva484-1-i
| Speed File   : -1
| Design State : Fully Placed
-----------------------------------------------------------------------------------------------------------------------------

Utilization Design Information

Table of Contents
-----------------
1. CLB Logic
1.1 Summary of Registers by Type
2. CLB Logic Distribution
3. BLOCKRAM
4. ARITHMETIC
5. I/O
6. CLOCK
7. ADVANCED
8. CONFIGURATION
9. Primitives
10. Black Boxes
11. Instantiated Netlists

1. CLB Logic
------------

+----------------------------+------+-------+------------+-----------+-------+
|          Site Type         | Used | Fixed | Prohibited | Available | Util% |
+----------------------------+------+-------+------------+-----------+-------+
| CLB LUTs                   | 3696 |     0 |          0 |     70560 |  5.24 |
|   LUT as Logic             | 3453 |     0 |          0 |     70560 |  4.89 |
|   LUT as Memory            |  243 |     0 |          0 |     28800 |  0.84 |
|     LUT as Distributed RAM |   64 |     0 |            |           |       |
|     LUT as Shift Register  |  179 |     0 |            |           |       |
| CLB Registers              | 4502 |     0 |          0 |    141120 |  3.19 |
|   Register as Flip Flop    | 4502 |     0 |          0 |    141120 |  3.19 |
|   Register as Latch        |    0 |     0 |          0 |    141120 |  0.00 |
| CARRY8                     |   47 |     0 |          0 |      8820 |  0.53 |
| F7 Muxes                   |  102 |     0 |          0 |     35280 |  0.29 |
| F8 Muxes                   |   36 |     0 |          0 |     17640 |  0.20 |
| F9 Muxes                   |    0 |     0 |          0 |      8820 |  0.00 |
+----------------------------+------+-------+------------+-----------+-------+
* Warning! LUT value is adjusted to account for LUT combining.


1.1 Summary of Registers by Type
--------------------------------

+-------+--------------+-------------+--------------+
| Total | Clock Enable | Synchronous | Asynchronous |
+-------+--------------+-------------+--------------+
| 0     |            _ |           - |            - |
| 0     |            _ |           - |          Set |
| 0     |            _ |           - |        Reset |
| 0     |            _ |         Set |            - |
| 0     |            _ |       Reset |            - |
| 0     |          Yes |           - |            - |
| 74    |          Yes |           - |          Set |
| 253   |          Yes |           - |        Reset |
| 56    |          Yes |         Set |            - |
| 4119  |          Yes |       Reset |            - |
+-------+--------------+-------------+--------------+


2. CLB Logic Distribution
-------------------------

+--------------------------------------------+------+-------+------------+-----------+-------+
|                  Site Type                 | Used | Fixed | Prohibited | Available | Util% |
+--------------------------------------------+------+-------+------------+-----------+-------+
| CLB                                        |  900 |     0 |          0 |      8820 | 10.20 |
|   CLBL                                     |  614 |     0 |            |           |       |
|   CLBM                                     |  286 |     0 |            |           |       |
| LUT as Logic                               | 3453 |     0 |          0 |     70560 |  4.89 |
|   using O5 output only                     |  112 |       |            |           |       |
|   using O6 output only                     | 2526 |       |            |           |       |
|   using O5 and O6                          |  815 |       |            |           |       |
| LUT as Memory                              |  243 |     0 |          0 |     28800 |  0.84 |
|   LUT as Distributed RAM                   |   64 |     0 |            |           |       |
|     using O5 output only                   |    0 |       |            |           |       |
|     using O6 output only                   |    4 |       |            |           |       |
|     using O5 and O6                        |   60 |       |            |           |       |
|   LUT as Shift Register                    |  179 |     0 |            |           |       |
|     using O5 output only                   |    0 |       |            |           |       |
|     using O6 output only                   |   51 |       |            |           |       |
|     using O5 and O6                        |  128 |       |            |           |       |
| CLB Registers                              | 4502 |     0 |          0 |    141120 |  3.19 |
|   Register driven from within the CLB      | 2152 |       |            |           |       |
|   Register driven from outside the CLB     | 2350 |       |            |           |       |
|     LUT in front of the register is unused | 1505 |       |            |           |       |
|     LUT in front of the register is used   |  845 |       |            |           |       |
| Unique Control Sets                        |  273 |       |          0 |     17640 |  1.55 |
+--------------------------------------------+------+-------+------------+-----------+-------+
* * Note: Available Control Sets calculated as Slices * 2, Review the Control Sets Report for more information regarding control sets.


3. BLOCKRAM
-----------

+-------------------+------+-------+------------+-----------+-------+
|     Site Type     | Used | Fixed | Prohibited | Available | Util% |
+-------------------+------+-------+------------+-----------+-------+
| Block RAM Tile    |  143 |     0 |          0 |       216 | 66.20 |
|   RAMB36/FIFO*    |  141 |     0 |          0 |       216 | 65.28 |
|     RAMB36E2 only |  141 |       |            |           |       |
|   RAMB18          |    4 |     0 |          0 |       432 |  0.93 |
|     RAMB18E2 only |    4 |       |            |           |       |
+-------------------+------+-------+------------+-----------+-------+
* Note: Each Block RAM Tile only has one FIFO logic available and therefore can accommodate only one FIFO36E2 or one FIFO18E2. However, if a FIFO18E2 occupies a Block RAM Tile, that tile can still accommodate a RAMB18E2


4. ARITHMETIC
-------------

+-----------+------+-------+------------+-----------+-------+
| Site Type | Used | Fixed | Prohibited | Available | Util% |
+-----------+------+-------+------------+-----------+-------+
| DSPs      |    0 |     0 |          0 |       360 |  0.00 |
+-----------+------+-------+------------+-----------+-------+


5. I/O
------

+------------------+------+-------+------------+-----------+-------+
|     Site Type    | Used | Fixed | Prohibited | Available | Util% |
+------------------+------+-------+------------+-----------+-------+
| Bonded IOB       |   17 |    17 |          0 |        82 | 20.73 |
| HPIOB_M          |    0 |     0 |          0 |        26 |  0.00 |
| HPIOB_S          |    0 |     0 |          0 |        26 |  0.00 |
| HDIOB_M          |    7 |     7 |          0 |        12 | 58.33 |
|   INPUT          |    3 |       |            |           |       |
|   OUTPUT         |    3 |       |            |           |       |
|   BIDIR          |    1 |       |            |           |       |
| HDIOB_S          |   10 |    10 |          0 |        12 | 83.33 |
|   INPUT          |    8 |       |            |           |       |
|   OUTPUT         |    2 |       |            |           |       |
|   BIDIR          |    0 |       |            |           |       |
| HPIOB_SNGL       |    0 |     0 |          0 |         6 |  0.00 |
| HPIOBDIFFINBUF   |    0 |     0 |          0 |        72 |  0.00 |
| HPIOBDIFFOUTBUF  |    0 |     0 |          0 |        72 |  0.00 |
| HDIOBDIFFINBUF   |    0 |     0 |          0 |        48 |  0.00 |
| BITSLICE_CONTROL |    0 |     0 |          0 |        24 |  0.00 |
| BITSLICE_RX_TX   |    0 |     0 |          0 |       936 |  0.00 |
| BITSLICE_TX      |    0 |     0 |          0 |        24 |  0.00 |
| RIU_OR           |    0 |     0 |          0 |        12 |  0.00 |
+------------------+------+-------+------------+-----------+-------+


6. CLOCK
--------

+----------------------+------+-------+------------+-----------+-------+
|       Site Type      | Used | Fixed | Prohibited | Available | Util% |
+----------------------+------+-------+------------+-----------+-------+
| GLOBAL CLOCK BUFFERs |    3 |     0 |          0 |       196 |  1.53 |
|   BUFGCE             |    2 |     0 |          0 |        88 |  2.27 |
|   BUFGCE_DIV         |    0 |     0 |          0 |        12 |  0.00 |
|   BUFG_PS            |    1 |     0 |          0 |        72 |  1.39 |
|   BUFGCTRL*          |    0 |     0 |          0 |        24 |  0.00 |
| PLL                  |    0 |     0 |          0 |         6 |  0.00 |
| MMCM                 |    0 |     0 |          0 |         3 |  0.00 |
+----------------------+------+-------+------------+-----------+-------+
* Note: Each used BUFGCTRL counts as two GLOBAL CLOCK BUFFERs. This table does not include global clocking resources, only buffer cell usage. See the Clock Utilization Report (report_clock_utilization) for detailed accounting of global clocking resource availability.


7. ADVANCED
-----------

+-----------+------+-------+------------+-----------+--------+
| Site Type | Used | Fixed | Prohibited | Available |  Util% |
+-----------+------+-------+------------+-----------+--------+
| PS8       |    1 |     0 |          0 |         1 | 100.00 |
| SYSMONE4  |    0 |     0 |          0 |         1 |   0.00 |
+-----------+------+-------+------------+-----------+--------+


8. CONFIGURATION
----------------

+-------------+------+-------+------------+-----------+-------+
|  Site Type  | Used | Fixed | Prohibited | Available | Util% |
+-------------+------+-------+------------+-----------+-------+
| BSCANE2     |    1 |     0 |          0 |         4 | 25.00 |
| DNA_PORTE2  |    0 |     0 |          0 |         1 |  0.00 |
| EFUSE_USR   |    0 |     0 |          0 |         1 |  0.00 |
| FRAME_ECCE4 |    0 |     0 |          0 |         1 |  0.00 |
| ICAPE3      |    0 |     0 |          0 |         2 |  0.00 |
| MASTER_JTAG |    0 |     0 |          0 |         1 |  0.00 |
| STARTUPE3   |    0 |     0 |          0 |         1 |  0.00 |
+-------------+------+-------+------------+-----------+-------+


9. Primitives
-------------

+----------+------+---------------------+
| Ref Name | Used | Functional Category |
+----------+------+---------------------+
| FDRE     | 4119 |            Register |
| LUT6     | 1807 |                 CLB |
| LUT4     |  764 |                 CLB |
| LUT5     |  650 |                 CLB |
| LUT3     |  579 |                 CLB |
| LUT2     |  348 |                 CLB |
| FDCE     |  253 |            Register |
| SRL16E   |  165 |                 CLB |
| RAMB36E2 |  141 |            BLOCKRAM |
| SRLC32E  |  140 |                 CLB |
| LUT1     |  120 |                 CLB |
| RAMD32   |  110 |                 CLB |
| MUXF7    |  102 |                 CLB |
| FDPE     |   74 |            Register |
| FDSE     |   56 |            Register |
| CARRY8   |   47 |                 CLB |
| MUXF8    |   36 |                 CLB |
| RAMS32   |   14 |                 CLB |
| INBUF    |   11 |                 I/O |
| IBUFCTRL |   11 |              Others |
| OBUF     |    5 |                 I/O |
| RAMB18E2 |    4 |            BLOCKRAM |
| SRLC16E  |    2 |                 CLB |
| BUFGCE   |    2 |               Clock |
| PS8      |    1 |            Advanced |
| OBUFT    |    1 |                 I/O |
| BUFG_PS  |    1 |               Clock |
| BSCANE2  |    1 |       Configuration |
+----------+------+---------------------+


10. Black Boxes
---------------

+----------+------+
| Ref Name | Used |
+----------+------+


11. Instantiated Netlists
-------------------------

+----------+------+
| Ref Name | Used |
+----------+------+
| dbg_hub  |    1 |
+----------+------+


